Copyright 1986-2019 Xilinx, Inc. All Rights Reserved.
------------------------------------------------------------------------------------------
| Tool Version : Vivado v.2019.2 (lin64) Build 2708876 Wed Nov  6 21:39:14 MST 2019
| Date         : Sat Nov 20 17:50:16 2021
| Host         : mario.ece.utexas.edu running 64-bit CentOS Linux release 7.9.2009 (Core)
| Command      : report_utilization -hierarchical -file new_reports/util_shuttle.log
| Design       : device_interface
| Device       : 7z020clg400-1
| Design State : Routed
------------------------------------------------------------------------------------------

Utilization Design Information

Table of Contents
-----------------
1. Utilization by Hierarchy

1. Utilization by Hierarchy
---------------------------

+----------------------------------+-------------------------------+------------+------------+---------+------+-----+--------+--------+--------------+
|             Instance             |             Module            | Total LUTs | Logic LUTs | LUTRAMs | SRLs | FFs | RAMB36 | RAMB18 | DSP48 Blocks |
+----------------------------------+-------------------------------+------------+------------+---------+------+-----+--------+--------+--------------+
| device_interface                 |                         (top) |        593 |        511 |      82 |    0 | 121 |      0 |      0 |            0 |
|   (device_interface)             |                         (top) |        123 |         41 |      82 |    0 |   4 |      0 |      0 |            0 |
|   model                          |                        wisard |        470 |        470 |       0 |    0 | 117 |      0 |      0 |            0 |
|     (model)                      |                        wisard |          9 |          9 |       0 |    0 |   2 |      0 |      0 |            0 |
|     discrim0                     | discriminator__parameterized5 |          4 |          4 |       0 |    0 |  11 |      0 |      0 |            0 |
|       count                      |                    popcount_7 |          4 |          4 |       0 |    0 |   7 |      0 |      0 |            0 |
|       filter0                    | bloom_filter__parameterized19 |          0 |          0 |       0 |    0 |   2 |      0 |      0 |            0 |
|       gen_filt_inst[1].filter    | bloom_filter__parameterized17 |          0 |          0 |       0 |    0 |   1 |      0 |      0 |            0 |
|       gen_filt_inst[2].filter    | bloom_filter__parameterized18 |          0 |          0 |       0 |    0 |   1 |      0 |      0 |            0 |
|     gen_discriminator[1].discrim |                 discriminator |          3 |          3 |       0 |    0 |   8 |      0 |      0 |            0 |
|       count                      |                    popcount_6 |          3 |          3 |       0 |    0 |   5 |      0 |      0 |            0 |
|       filter0                    |  bloom_filter__parameterized1 |          0 |          0 |       0 |    0 |   1 |      0 |      0 |            0 |
|       gen_filt_inst[1].filter    |                  bloom_filter |          0 |          0 |       0 |    0 |   1 |      0 |      0 |            0 |
|       gen_filt_inst[2].filter    |  bloom_filter__parameterized0 |          0 |          0 |       0 |    0 |   1 |      0 |      0 |            0 |
|     gen_discriminator[2].discrim | discriminator__parameterized0 |          4 |          4 |       0 |    0 |   8 |      0 |      0 |            0 |
|       count                      |                    popcount_5 |          4 |          4 |       0 |    0 |   5 |      0 |      0 |            0 |
|       filter0                    |  bloom_filter__parameterized4 |          0 |          0 |       0 |    0 |   1 |      0 |      0 |            0 |
|       gen_filt_inst[1].filter    |  bloom_filter__parameterized2 |          0 |          0 |       0 |    0 |   1 |      0 |      0 |            0 |
|       gen_filt_inst[2].filter    |  bloom_filter__parameterized3 |          0 |          0 |       0 |    0 |   1 |      0 |      0 |            0 |
|     gen_discriminator[3].discrim | discriminator__parameterized1 |          3 |          3 |       0 |    0 |   8 |      0 |      0 |            0 |
|       count                      |                    popcount_4 |          3 |          3 |       0 |    0 |   5 |      0 |      0 |            0 |
|       filter0                    |  bloom_filter__parameterized7 |          0 |          0 |       0 |    0 |   1 |      0 |      0 |            0 |
|       gen_filt_inst[1].filter    |  bloom_filter__parameterized5 |          0 |          0 |       0 |    0 |   1 |      0 |      0 |            0 |
|       gen_filt_inst[2].filter    |  bloom_filter__parameterized6 |          0 |          0 |       0 |    0 |   1 |      0 |      0 |            0 |
|     gen_discriminator[4].discrim | discriminator__parameterized2 |          4 |          4 |       0 |    0 |   8 |      0 |      0 |            0 |
|       count                      |                    popcount_3 |          4 |          4 |       0 |    0 |   5 |      0 |      0 |            0 |
|       filter0                    | bloom_filter__parameterized10 |          0 |          0 |       0 |    0 |   1 |      0 |      0 |            0 |
|       gen_filt_inst[1].filter    |  bloom_filter__parameterized8 |          0 |          0 |       0 |    0 |   1 |      0 |      0 |            0 |
|       gen_filt_inst[2].filter    |  bloom_filter__parameterized9 |          0 |          0 |       0 |    0 |   1 |      0 |      0 |            0 |
|     gen_discriminator[5].discrim | discriminator__parameterized3 |          3 |          3 |       0 |    0 |   8 |      0 |      0 |            0 |
|       count                      |                    popcount_2 |          3 |          3 |       0 |    0 |   5 |      0 |      0 |            0 |
|       filter0                    | bloom_filter__parameterized13 |          0 |          0 |       0 |    0 |   1 |      0 |      0 |            0 |
|       gen_filt_inst[1].filter    | bloom_filter__parameterized11 |          0 |          0 |       0 |    0 |   1 |      0 |      0 |            0 |
|       gen_filt_inst[2].filter    | bloom_filter__parameterized12 |          0 |          0 |       0 |    0 |   1 |      0 |      0 |            0 |
|     gen_discriminator[6].discrim | discriminator__parameterized4 |          2 |          2 |       0 |    0 |   8 |      0 |      0 |            0 |
|       count                      |                      popcount |          2 |          2 |       0 |    0 |   5 |      0 |      0 |            0 |
|       filter0                    | bloom_filter__parameterized16 |          0 |          0 |       0 |    0 |   1 |      0 |      0 |            0 |
|       gen_filt_inst[1].filter    | bloom_filter__parameterized14 |          0 |          0 |       0 |    0 |   1 |      0 |      0 |            0 |
|       gen_filt_inst[2].filter    | bloom_filter__parameterized15 |          0 |          0 |       0 |    0 |   1 |      0 |      0 |            0 |
|     gen_hash_inst[1].hasher      |                       h3_hash |        140 |        140 |       0 |    0 |  10 |      0 |      0 |            0 |
|     gen_hash_inst[2].hasher      |                     h3_hash_0 |        142 |        142 |       0 |    0 |  10 |      0 |      0 |            0 |
|     hasher0                      |                     h3_hash_1 |        149 |        149 |       0 |    0 |  11 |      0 |      0 |            0 |
|     max                          |                       max_idx |          9 |          9 |       0 |    0 |  25 |      0 |      0 |            0 |
+----------------------------------+-------------------------------+------------+------------+---------+------+-----+--------+--------+--------------+
* Note: The sum of lower-level cells may be larger than their parent cells total, due to cross-hierarchy LUT combining


