Copyright 1986-2019 Xilinx, Inc. All Rights Reserved.
------------------------------------------------------------------------------------------
| Tool Version : Vivado v.2019.2 (lin64) Build 2708876 Wed Nov  6 21:39:14 MST 2019
| Date         : Sat Nov 20 18:18:49 2021
| Host         : mario.ece.utexas.edu running 64-bit CentOS Linux release 7.9.2009 (Core)
| Command      : report_utilization -hierarchical -file new_reports/util_wine.log
| Design       : device_interface
| Device       : 7z020clg400-1
| Design State : Routed
------------------------------------------------------------------------------------------

Utilization Design Information

Table of Contents
-----------------
1. Utilization by Hierarchy

1. Utilization by Hierarchy
---------------------------

+--------------------------------------+-------------------------------+------------+------------+---------+------+-----+--------+--------+--------------+
|               Instance               |             Module            | Total LUTs | Logic LUTs | LUTRAMs | SRLs | FFs | RAMB36 | RAMB18 | DSP48 Blocks |
+--------------------------------------+-------------------------------+------------+------------+---------+------+-----+--------+--------+--------------+
| device_interface                     |                         (top) |        585 |        464 |     118 |    3 | 239 |      0 |      0 |            0 |
|   (device_interface)                 |                         (top) |        177 |         59 |     118 |    0 |   4 |      0 |      0 |            0 |
|   model                              |                        wisard |        408 |        405 |       0 |    3 | 235 |      0 |      0 |            0 |
|     (model)                          |                        wisard |         11 |         11 |       0 |    0 |   3 |      0 |      0 |            0 |
|     discrim0                         | discriminator__parameterized1 |         41 |         40 |       0 |    1 |  55 |      0 |      0 |            0 |
|       (discrim0)                     | discriminator__parameterized1 |          9 |          9 |       0 |    0 |   0 |      0 |      0 |            0 |
|       count                          |                    popcount_9 |         14 |         13 |       0 |    1 |  27 |      0 |      0 |            0 |
|       filter0                        | bloom_filter__parameterized25 |          2 |          2 |       0 |    0 |   4 |      0 |      0 |            0 |
|       gen_filt_inst[1].filter        | bloom_filter__parameterized17 |          2 |          2 |       0 |    0 |   3 |      0 |      0 |            0 |
|       gen_filt_inst[2].filter        | bloom_filter__parameterized18 |          2 |          2 |       0 |    0 |   3 |      0 |      0 |            0 |
|       gen_filt_inst[3].filter        | bloom_filter__parameterized19 |          2 |          2 |       0 |    0 |   3 |      0 |      0 |            0 |
|       gen_filt_inst[4].filter        | bloom_filter__parameterized20 |          2 |          2 |       0 |    0 |   3 |      0 |      0 |            0 |
|       gen_filt_inst[5].filter        | bloom_filter__parameterized21 |          2 |          2 |       0 |    0 |   3 |      0 |      0 |            0 |
|       gen_filt_inst[6].filter        | bloom_filter__parameterized22 |          2 |          2 |       0 |    0 |   3 |      0 |      0 |            0 |
|       gen_filt_inst[7].filter        | bloom_filter__parameterized23 |          2 |          2 |       0 |    0 |   3 |      0 |      0 |            0 |
|       gen_filt_inst[8].filter        | bloom_filter__parameterized24 |          2 |          2 |       0 |    0 |   3 |      0 |      0 |            0 |
|     gen_discriminator[1].discrim     |                 discriminator |         46 |         45 |       0 |    1 |  50 |      0 |      0 |            0 |
|       (gen_discriminator[1].discrim) |                 discriminator |          9 |          9 |       0 |    0 |   0 |      0 |      0 |            0 |
|       count                          |                    popcount_8 |         19 |         18 |       0 |    1 |  23 |      0 |      0 |            0 |
|       filter0                        |  bloom_filter__parameterized7 |          2 |          2 |       0 |    0 |   3 |      0 |      0 |            0 |
|       gen_filt_inst[1].filter        |                  bloom_filter |          2 |          2 |       0 |    0 |   3 |      0 |      0 |            0 |
|       gen_filt_inst[2].filter        |  bloom_filter__parameterized0 |          2 |          2 |       0 |    0 |   3 |      0 |      0 |            0 |
|       gen_filt_inst[3].filter        |  bloom_filter__parameterized1 |          2 |          2 |       0 |    0 |   3 |      0 |      0 |            0 |
|       gen_filt_inst[4].filter        |  bloom_filter__parameterized2 |          2 |          2 |       0 |    0 |   3 |      0 |      0 |            0 |
|       gen_filt_inst[5].filter        |  bloom_filter__parameterized3 |          2 |          2 |       0 |    0 |   3 |      0 |      0 |            0 |
|       gen_filt_inst[6].filter        |  bloom_filter__parameterized4 |          2 |          2 |       0 |    0 |   3 |      0 |      0 |            0 |
|       gen_filt_inst[7].filter        |  bloom_filter__parameterized5 |          2 |          2 |       0 |    0 |   3 |      0 |      0 |            0 |
|       gen_filt_inst[8].filter        |  bloom_filter__parameterized6 |          2 |          2 |       0 |    0 |   3 |      0 |      0 |            0 |
|     gen_discriminator[2].discrim     | discriminator__parameterized0 |         42 |         41 |       0 |    1 |  50 |      0 |      0 |            0 |
|       (gen_discriminator[2].discrim) | discriminator__parameterized0 |         10 |         10 |       0 |    0 |   0 |      0 |      0 |            0 |
|       count                          |                      popcount |         15 |         14 |       0 |    1 |  23 |      0 |      0 |            0 |
|       filter0                        | bloom_filter__parameterized16 |          1 |          1 |       0 |    0 |   3 |      0 |      0 |            0 |
|       gen_filt_inst[1].filter        |  bloom_filter__parameterized8 |          2 |          2 |       0 |    0 |   3 |      0 |      0 |            0 |
|       gen_filt_inst[2].filter        |  bloom_filter__parameterized9 |          2 |          2 |       0 |    0 |   3 |      0 |      0 |            0 |
|       gen_filt_inst[3].filter        | bloom_filter__parameterized10 |          2 |          2 |       0 |    0 |   3 |      0 |      0 |            0 |
|       gen_filt_inst[4].filter        | bloom_filter__parameterized11 |          2 |          2 |       0 |    0 |   3 |      0 |      0 |            0 |
|       gen_filt_inst[5].filter        | bloom_filter__parameterized12 |          2 |          2 |       0 |    0 |   3 |      0 |      0 |            0 |
|       gen_filt_inst[6].filter        | bloom_filter__parameterized13 |          2 |          2 |       0 |    0 |   3 |      0 |      0 |            0 |
|       gen_filt_inst[7].filter        | bloom_filter__parameterized14 |          2 |          2 |       0 |    0 |   3 |      0 |      0 |            0 |
|       gen_filt_inst[8].filter        | bloom_filter__parameterized15 |          2 |          2 |       0 |    0 |   3 |      0 |      0 |            0 |
|     gen_hash_inst[1].hasher          |                       h3_hash |         30 |         30 |       0 |    0 |   7 |      0 |      0 |            0 |
|     gen_hash_inst[2].hasher          |                     h3_hash_0 |         30 |         30 |       0 |    0 |   7 |      0 |      0 |            0 |
|     gen_hash_inst[3].hasher          |                     h3_hash_1 |         30 |         30 |       0 |    0 |   7 |      0 |      0 |            0 |
|     gen_hash_inst[4].hasher          |                     h3_hash_2 |         30 |         30 |       0 |    0 |   7 |      0 |      0 |            0 |
|     gen_hash_inst[5].hasher          |                     h3_hash_3 |         30 |         30 |       0 |    0 |   7 |      0 |      0 |            0 |
|     gen_hash_inst[6].hasher          |                     h3_hash_4 |         30 |         30 |       0 |    0 |   7 |      0 |      0 |            0 |
|     gen_hash_inst[7].hasher          |                     h3_hash_5 |         30 |         30 |       0 |    0 |   7 |      0 |      0 |            0 |
|     gen_hash_inst[8].hasher          |                     h3_hash_6 |         30 |         30 |       0 |    0 |   7 |      0 |      0 |            0 |
|     hasher0                          |                     h3_hash_7 |         30 |         30 |       0 |    0 |   8 |      0 |      0 |            0 |
|     max                              |                       max_idx |          2 |          2 |       0 |    0 |  13 |      0 |      0 |            0 |
+--------------------------------------+-------------------------------+------------+------------+---------+------+-----+--------+--------+--------------+
* Note: The sum of lower-level cells may be larger than their parent cells total, due to cross-hierarchy LUT combining


