Copyright 1986-2019 Xilinx, Inc. All Rights Reserved.
----------------------------------------------------------------------------------------------------------------------------------------------------------------------
| Tool Version     : Vivado v.2019.2 (lin64) Build 2708876 Wed Nov  6 21:39:14 MST 2019
| Date             : Fri Nov 19 17:51:53 2021
| Host             : mario.ece.utexas.edu running 64-bit CentOS Linux release 7.9.2009 (Core)
| Command          : report_power -file device_interface_power_routed.rpt -pb device_interface_power_summary_routed.pb -rpx device_interface_power_routed.rpx
| Design           : device_interface
| Device           : xc7z020clg400-1
| Design State     : routed
| Grade            : commercial
| Process          : typical
| Characterization : Production
----------------------------------------------------------------------------------------------------------------------------------------------------------------------

Power Report

Table of Contents
-----------------
1. Summary
1.1 On-Chip Components
1.2 Power Supply Summary
1.3 Confidence Level
2. Settings
2.1 Environment
2.2 Clock Constraints
3. Detailed Reports
3.1 By Hierarchy

1. Summary
----------

+--------------------------+--------------+
| Total On-Chip Power (W)  | 0.738        |
| Design Power Budget (W)  | Unspecified* |
| Power Budget Margin (W)  | NA           |
| Dynamic (W)              | 0.623        |
| Device Static (W)        | 0.115        |
| Effective TJA (C/W)      | 11.5         |
| Max Ambient (C)          | 76.5         |
| Junction Temperature (C) | 33.5         |
| Confidence Level         | Low          |
| Setting File             | ---          |
| Simulation Activity File | ---          |
| Design Nets Matched      | NA           |
+--------------------------+--------------+
* Specify Design Power Budget using, set_operating_conditions -design_power_budget <value in Watts>


1.1 On-Chip Components
----------------------

+--------------------------+-----------+----------+-----------+-----------------+
| On-Chip                  | Power (W) | Used     | Available | Utilization (%) |
+--------------------------+-----------+----------+-----------+-----------------+
| Clocks                   |     0.025 |        3 |       --- |             --- |
| Slice Logic              |     0.311 |    32878 |       --- |             --- |
|   LUT as Logic           |     0.298 |    21359 |     53200 |           40.15 |
|   F7/F8 Muxes            |     0.011 |     5955 |     53200 |           11.19 |
|   Register               |     0.002 |     2715 |    106400 |            2.55 |
|   LUT as Distributed RAM |     0.001 |      240 |     17400 |            1.38 |
|   LUT as Shift Register  |    <0.001 |        4 |     17400 |            0.02 |
|   Others                 |     0.000 |      671 |       --- |             --- |
| Signals                  |     0.281 |    18221 |       --- |             --- |
| I/O                      |     0.005 |       74 |       125 |           59.20 |
| Static Power             |     0.115 |          |           |                 |
| Total                    |     0.738 |          |           |                 |
+--------------------------+-----------+----------+-----------+-----------------+


1.2 Power Supply Summary
------------------------

+-----------+-------------+-----------+-------------+------------+
| Source    | Voltage (V) | Total (A) | Dynamic (A) | Static (A) |
+-----------+-------------+-----------+-------------+------------+
| Vccint    |       1.000 |     0.628 |       0.618 |      0.010 |
| Vccaux    |       1.800 |     0.012 |       0.000 |      0.012 |
| Vcco33    |       3.300 |     0.000 |       0.000 |      0.000 |
| Vcco25    |       2.500 |     0.000 |       0.000 |      0.000 |
| Vcco18    |       1.800 |     0.003 |       0.002 |      0.001 |
| Vcco15    |       1.500 |     0.000 |       0.000 |      0.000 |
| Vcco135   |       1.350 |     0.000 |       0.000 |      0.000 |
| Vcco12    |       1.200 |     0.000 |       0.000 |      0.000 |
| Vccaux_io |       1.800 |     0.000 |       0.000 |      0.000 |
| Vccbram   |       1.000 |     0.001 |       0.000 |      0.001 |
| MGTAVcc   |       1.000 |     0.000 |       0.000 |      0.000 |
| MGTAVtt   |       1.200 |     0.000 |       0.000 |      0.000 |
| MGTVccaux |       1.800 |     0.000 |       0.000 |      0.000 |
| Vccpint   |       1.000 |     0.021 |       0.000 |      0.021 |
| Vccpaux   |       1.800 |     0.010 |       0.000 |      0.010 |
| Vccpll    |       1.800 |     0.003 |       0.000 |      0.003 |
| Vcco_ddr  |       1.500 |     0.000 |       0.000 |      0.000 |
| Vcco_mio0 |       1.800 |     0.000 |       0.000 |      0.000 |
| Vcco_mio1 |       1.800 |     0.000 |       0.000 |      0.000 |
| Vccadc    |       1.800 |     0.020 |       0.000 |      0.020 |
+-----------+-------------+-----------+-------------+------------+


1.3 Confidence Level
--------------------

+-----------------------------+------------+--------------------------------------------------------+------------------------------------------------------------------------------------------------------------+
| User Input Data             | Confidence | Details                                                | Action                                                                                                     |
+-----------------------------+------------+--------------------------------------------------------+------------------------------------------------------------------------------------------------------------+
| Design implementation state | High       | Design is routed                                       |                                                                                                            |
| Clock nodes activity        | High       | User specified more than 95% of clocks                 |                                                                                                            |
| I/O nodes activity          | Low        | More than 75% of inputs are missing user specification | Provide missing input activity with simulation results or by editing the "By Resource Type -> I/Os" view   |
| Internal nodes activity     | Medium     | User specified less than 25% of internal nodes         | Provide missing internal nodes activity with simulation results or by editing the "By Resource Type" views |
| Device models               | High       | Device models are Production                           |                                                                                                            |
|                             |            |                                                        |                                                                                                            |
| Overall confidence level    | Low        |                                                        |                                                                                                            |
+-----------------------------+------------+--------------------------------------------------------+------------------------------------------------------------------------------------------------------------+


2. Settings
-----------

2.1 Environment
---------------

+-----------------------+------------------------+
| Ambient Temp (C)      | 25.0                   |
| ThetaJA (C/W)         | 11.5                   |
| Airflow (LFM)         | 250                    |
| Heat Sink             | none                   |
| ThetaSA (C/W)         | 0.0                    |
| Board Selection       | medium (10"x10")       |
| # of Board Layers     | 8to11 (8 to 11 Layers) |
| Board Temperature (C) | 25.0                   |
+-----------------------+------------------------+


2.2 Clock Constraints
---------------------

+-------+--------+-----------------+
| Clock | Domain | Constraint (ns) |
+-------+--------+-----------------+
| clk   | clk    |            10.0 |
+-------+--------+-----------------+


3. Detailed Reports
-------------------

3.1 By Hierarchy
----------------

+-----------------------------------+-----------+
| Name                              | Power (W) |
+-----------------------------------+-----------+
| device_interface                  |     0.623 |
|   model                           |     0.608 |
|     discrim0                      |     0.001 |
|     gen_discriminator[10].discrim |     0.001 |
|     gen_discriminator[11].discrim |     0.001 |
|     gen_discriminator[12].discrim |     0.001 |
|     gen_discriminator[13].discrim |     0.001 |
|     gen_discriminator[14].discrim |     0.001 |
|     gen_discriminator[15].discrim |     0.001 |
|     gen_discriminator[16].discrim |     0.001 |
|     gen_discriminator[17].discrim |     0.001 |
|     gen_discriminator[18].discrim |     0.001 |
|     gen_discriminator[19].discrim |     0.001 |
|     gen_discriminator[1].discrim  |     0.001 |
|     gen_discriminator[20].discrim |     0.001 |
|     gen_discriminator[21].discrim |     0.001 |
|     gen_discriminator[22].discrim |     0.001 |
|     gen_discriminator[23].discrim |     0.001 |
|     gen_discriminator[24].discrim |     0.001 |
|     gen_discriminator[25].discrim |     0.001 |
|     gen_discriminator[2].discrim  |     0.001 |
|     gen_discriminator[3].discrim  |     0.001 |
|     gen_discriminator[4].discrim  |     0.001 |
|     gen_discriminator[5].discrim  |     0.001 |
|     gen_discriminator[6].discrim  |     0.001 |
|     gen_discriminator[7].discrim  |     0.001 |
|     gen_discriminator[8].discrim  |     0.001 |
|     gen_discriminator[9].discrim  |     0.001 |
|     gen_hash_inst[10].hasher      |     0.052 |
|     gen_hash_inst[11].hasher      |     0.044 |
|     gen_hash_inst[1].hasher       |     0.049 |
|     gen_hash_inst[2].hasher       |     0.042 |
|     gen_hash_inst[3].hasher       |     0.051 |
|     gen_hash_inst[4].hasher       |     0.040 |
|     gen_hash_inst[5].hasher       |     0.053 |
|     gen_hash_inst[6].hasher       |     0.047 |
|     gen_hash_inst[7].hasher       |     0.051 |
|     gen_hash_inst[8].hasher       |     0.046 |
|     gen_hash_inst[9].hasher       |     0.050 |
|     hasher0                       |     0.047 |
|     max                           |     0.002 |
+-----------------------------------+-----------+


